# JRE version: OpenJDK Runtime Environment (8.0_212-b03) (build 1.8.0_212-8u212-b03-0ubuntu1.18.04.1-b03)
# Java VM: OpenJDK 64-Bit Server VM (25.212-b03 mixed mode linux-amd64 compressed oops)
Heap:
 PSYoungGen      total 384512K, used 0K [0x00000000d6700000, 0x00000000f5100000, 0x0000000100000000)
  eden space 325120K, 0% used [0x00000000d6700000,0x00000000d6700000,0x00000000ea480000)
  from space 59392K, 0% used [0x00000000ee680000,0x00000000ee680000,0x00000000f2080000)
  to   space 67584K, 0% used [0x00000000ea480000,0x00000000ea480000,0x00000000ee680000)
 ParOldGen       total 217088K, used 178522K [0x0000000083400000, 0x0000000090800000, 0x00000000d6700000)
  object space 217088K, 82% used [0x0000000083400000,0x000000008e256ab0,0x0000000090800000)
 Metaspace       used 78399K, capacity 82334K, committed 82776K, reserved 1122304K
  class space    used 9827K, capacity 10793K, committed 10880K, reserved 1048576K
GC Heap History (10 events):
Event: 6,619 GC heap after
Heap after GC invocations=11 (full 2):
 PSYoungGen      total 278528K, used 0K [0x00000000d6700000, 0x00000000edc00000, 0x0000000100000000)
  eden space 259072K, 0% used [0x00000000d6700000,0x00000000d6700000,0x00000000e6400000)
  from space 19456K, 0% used [0x00000000e6400000,0x00000000e6400000,0x00000000e7700000)
  to   space 19968K, 0% used [0x00000000ec880000,0x00000000ec880000,0x00000000edc00000)
 ParOldGen       total 129024K, used 39703K [0x0000000083400000, 0x000000008b200000, 0x00000000d6700000)
  object space 129024K, 30% used [0x0000000083400000,0x0000000085ac5d60,0x000000008b200000)
 Metaspace       used 34228K, capacity 35250K, committed 35416K, reserved 1081344K
  class space    used 4161K, capacity 4447K, committed 4480K, reserved 1048576K
}
Event: 9,641 GC heap before
{Heap before GC invocations=12 (full 2):
 PSYoungGen      total 278528K, used 240959K [0x00000000d6700000, 0x00000000edc00000, 0x0000000100000000)
  eden space 259072K, 93% used [0x00000000d6700000,0x00000000e524fd08,0x00000000e6400000)
  from space 19456K, 0% used [0x00000000e6400000,0x00000000e6400000,0x00000000e7700000)
  to   space 19968K, 0% used [0x00000000ec880000,0x00000000ec880000,0x00000000edc00000)
 ParOldGen       total 129024K, used 39703K [0x0000000083400000, 0x000000008b200000, 0x00000000d6700000)
  object space 129024K, 30% used [0x0000000083400000,0x0000000085ac5d60,0x000000008b200000)
 Metaspace       used 56203K, capacity 58782K, committed 59028K, reserved 1101824K
  class space    used 6981K, capacity 7649K, committed 7680K, reserved 1048576K
Event: 9,664 GC heap after
Heap after GC invocations=12 (full 2):
 PSYoungGen      total 314368K, used 19957K [0x00000000d6700000, 0x00000000edc00000, 0x0000000100000000)
  eden space 294400K, 0% used [0x00000000d6700000,0x00000000d6700000,0x00000000e8680000)
  from space 19968K, 99% used [0x00000000ec880000,0x00000000edbfd628,0x00000000edc00000)
  to   space 25088K, 0% used [0x00000000eab00000,0x00000000eab00000,0x00000000ec380000)
 ParOldGen       total 129024K, used 46750K [0x0000000083400000, 0x000000008b200000, 0x00000000d6700000)
  object space 129024K, 36% used [0x0000000083400000,0x00000000861a7830,0x000000008b200000)
 Metaspace       used 56203K, capacity 58782K, committed 59028K, reserved 1101824K
  class space    used 6981K, capacity 7649K, committed 7680K, reserved 1048576K
}
Event: 9,664 GC heap before
{Heap before GC invocations=13 (full 3):
 PSYoungGen      total 314368K, used 19957K [0x00000000d6700000, 0x00000000edc00000, 0x0000000100000000)
  eden space 294400K, 0% used [0x00000000d6700000,0x00000000d6700000,0x00000000e8680000)
  from space 19968K, 99% used [0x00000000ec880000,0x00000000edbfd628,0x00000000edc00000)
  to   space 25088K, 0% used [0x00000000eab00000,0x00000000eab00000,0x00000000ec380000)
 ParOldGen       total 129024K, used 46750K [0x0000000083400000, 0x000000008b200000, 0x00000000d6700000)
  object space 129024K, 36% used [0x0000000083400000,0x00000000861a7830,0x000000008b200000)
 Metaspace       used 56203K, capacity 58782K, committed 59028K, reserved 1101824K
  class space    used 6981K, capacity 7649K, committed 7680K, reserved 1048576K
Event: 9,866 GC heap after
Heap after GC invocations=13 (full 3):
 PSYoungGen      total 314368K, used 0K [0x00000000d6700000, 0x00000000edc00000, 0x0000000100000000)
  eden space 294400K, 0% used [0x00000000d6700000,0x00000000d6700000,0x00000000e8680000)
  from space 19968K, 0% used [0x00000000ec880000,0x00000000ec880000,0x00000000edc00000)
  to   space 25088K, 0% used [0x00000000eab00000,0x00000000eab00000,0x00000000ec380000)
 ParOldGen       total 183296K, used 54948K [0x0000000083400000, 0x000000008e700000, 0x00000000d6700000)
  object space 183296K, 29% used [0x0000000083400000,0x00000000869a9158,0x000000008e700000)
 Metaspace       used 56203K, capacity 58782K, committed 59028K, reserved 1101824K
  class space    used 6981K, capacity 7649K, committed 7680K, reserved 1048576K
}
Event: 12,526 GC heap before
{Heap before GC invocations=14 (full 3):
 PSYoungGen      total 314368K, used 294400K [0x00000000d6700000, 0x00000000edc00000, 0x0000000100000000)
  eden space 294400K, 100% used [0x00000000d6700000,0x00000000e8680000,0x00000000e8680000)
  from space 19968K, 0% used [0x00000000ec880000,0x00000000ec880000,0x00000000edc00000)
  to   space 25088K, 0% used [0x00000000eab00000,0x00000000eab00000,0x00000000ec380000)
 ParOldGen       total 183296K, used 54948K [0x0000000083400000, 0x000000008e700000, 0x00000000d6700000)
  object space 183296K, 29% used [0x0000000083400000,0x00000000869a9158,0x000000008e700000)
 Metaspace       used 73665K, capacity 77528K, committed 77784K, reserved 1116160K
  class space    used 9462K, capacity 10384K, committed 10496K, reserved 1048576K
Event: 12,568 GC heap after
Heap after GC invocations=14 (full 3):
 PSYoungGen      total 356864K, used 25080K [0x00000000d6700000, 0x00000000f2080000, 0x0000000100000000)
  eden space 331776K, 0% used [0x00000000d6700000,0x00000000d6700000,0x00000000eab00000)
  from space 25088K, 99% used [0x00000000eab00000,0x00000000ec37e050,0x00000000ec380000)
  to   space 59392K, 0% used [0x00000000ee680000,0x00000000ee680000,0x00000000f2080000)
 ParOldGen       total 183296K, used 137195K [0x0000000083400000, 0x000000008e700000, 0x00000000d6700000)
  object space 183296K, 74% used [0x0000000083400000,0x000000008b9faed0,0x000000008e700000)
 Metaspace       used 73665K, capacity 77528K, committed 77784K, reserved 1116160K
  class space    used 9462K, capacity 10384K, committed 10496K, reserved 1048576K
}
Event: 1974,216 GC heap before
{Heap before GC invocations=15 (full 3):
 PSYoungGen      total 356864K, used 356856K [0x00000000d6700000, 0x00000000f2080000, 0x0000000100000000)
  eden space 331776K, 100% used [0x00000000d6700000,0x00000000eab00000,0x00000000eab00000)
  from space 25088K, 99% used [0x00000000eab00000,0x00000000ec37e050,0x00000000ec380000)
  to   space 59392K, 0% used [0x00000000ee680000,0x00000000ee680000,0x00000000f2080000)
 ParOldGen       total 183296K, used 137195K [0x0000000083400000, 0x000000008e700000, 0x00000000d6700000)
  object space 183296K, 74% used [0x0000000083400000,0x000000008b9faed0,0x000000008e700000)
 Metaspace       used 78631K, capacity 82760K, committed 82776K, reserved 1122304K
  class space    used 9868K, capacity 10870K, committed 10880K, reserved 1048576K
Event: 1974,311 GC heap after
Heap after GC invocations=15 (full 3):
 PSYoungGen      total 384512K, used 54148K [0x00000000d6700000, 0x00000000f5100000, 0x0000000100000000)
  eden space 325120K, 0% used [0x00000000d6700000,0x00000000d6700000,0x00000000ea480000)
  from space 59392K, 91% used [0x00000000ee680000,0x00000000f1b61120,0x00000000f2080000)
  to   space 67584K, 0% used [0x00000000ea480000,0x00000000ea480000,0x00000000ee680000)
 ParOldGen       total 217088K, used 211026K [0x0000000083400000, 0x0000000090800000, 0x00000000d6700000)
  object space 217088K, 97% used [0x0000000083400000,0x0000000090214a78,0x0000000090800000)
 Metaspace       used 78631K, capacity 82760K, committed 82776K, reserved 1122304K
  class space    used 9868K, capacity 10870K, committed 10880K, reserved 1048576K
}
Event: 1974,311 GC heap before
{Heap before GC invocations=16 (full 4):
 PSYoungGen      total 384512K, used 54148K [0x00000000d6700000, 0x00000000f5100000, 0x0000000100000000)
  eden space 325120K, 0% used [0x00000000d6700000,0x00000000d6700000,0x00000000ea480000)
  from space 59392K, 91% used [0x00000000ee680000,0x00000000f1b61120,0x00000000f2080000)
  to   space 67584K, 0% used [0x00000000ea480000,0x00000000ea480000,0x00000000ee680000)
 ParOldGen       total 217088K, used 211026K [0x0000000083400000, 0x0000000090800000, 0x00000000d6700000)
  object space 217088K, 97% used [0x0000000083400000,0x0000000090214a78,0x0000000090800000)
 Metaspace       used 78631K, capacity 82760K, committed 82776K, reserved 1122304K
  class space    used 9868K, capacity 10870K, committed 10880K, reserved 1048576K

